[15:09:46.269024] [SceneFactory] [info] (th=2061956) Log level for 'SceneFactory' set to 'info'
[15:09:46.638825] [SceneFactory] [info] (th=2061956) Plane is created: id: 53834A81-15D5-46C3-9803-91EB66955F2E
[23:14:26.061067] [SceneFactory] [info] (th=1542458) Log level for 'SceneFactory' set to 'info'
[23:14:26.061132] [SceneFactory] [info] (th=1542458) Box is created: id: 739A3B22-42FF-4004-8902-46449E7C2511
[09:42:18.322402] [SceneFactory] [info] (th=1542458) Box is created: id: 1C9BD98B-2369-4E88-88AC-DD13880CDD1C
[09:43:32.887329] [SceneFactory] [info] (th=1542458) GhostObject is created: id: C653693F-D01B-4552-890F-D80B07583C07
[09:43:41.519603] [SceneFactory] [info] (th=1542458) Box is created: id: 5EC2A5B1-D29A-494B-A71F-DCCFDA664C44
[09:45:00.633056] [SceneFactory] [info] (th=1542458) AudioSource is created: id: AB33D09D-65C5-46AC-8C02-0992F5EB2B79
[09:45:03.788381] [SceneFactory] [info] (th=1542458) GhostObject is created: id: 854E264D-1B92-484E-B1A6-ECC651864D09
[13:56:10.093934] [SceneFactory] [info] (th=1883648) Log level for 'SceneFactory' set to 'info'
[13:56:10.094036] [SceneFactory] [info] (th=1883648) GhostObject is created: id: C515A3F1-6399-422C-B3D7-2F572EF34F26
[14:46:56.857052] [SceneFactory] [info] (th=1883648) Plane is created: id: 726827D8-20F7-4B2B-90E0-6E6576D6502D
[15:39:52.613962] [SceneFactory] [info] (th=1883648) GhostObject is created: id: E2F4E092-D623-4794-88D7-AB93A02B60E2
[19:00:33.383284] [SceneFactory] [info] (th=1883648) GhostObject is created: id: 2A9F9682-E3D7-4A38-A9AC-744FC9F86D8E
[19:19:26.616402] [SceneFactory] [info] (th=1883648) GhostObject is created: id: 2893F706-080F-4EBB-9E58-30A3A0189E90
[20:03:56.800226] [SceneFactory] [info] (th=1883648) GhostObject is created: id: 18361B0B-DF37-444E-BB46-F4FE08320F8E
[20:57:05.617025] [SceneFactory] [info] (th=2212286) Log level for 'SceneFactory' set to 'info'
[20:57:05.617273] [SceneFactory] [info] (th=2212286) GhostObject is created: id: E387639F-141E-480D-AC5F-73AD3DDDD897
[21:26:16.015558] [SceneFactory] [info] (th=2212286) GhostObject is created: id: B22FEDE6-1DCE-4569-9830-4E5AFFA41110
[21:31:45.994323] [SceneFactory] [info] (th=2212286) GhostObject is created: id: D24B3C04-E5CE-4749-A924-293482032FE8
[21:40:43.289649] [SceneFactory] [info] (th=9346) Log level for 'SceneFactory' set to 'info'
[21:40:43.289777] [SceneFactory] [info] (th=9346) GhostObject is created: id: 74D78FFF-5F15-4B24-9099-FBBF07CFACB3
[21:55:32.489020] [SceneFactory] [info] (th=9346) GhostObject is created: id: 8555426C-74E9-4F6E-8E77-ADE803BA165C
[22:46:15.931019] [SceneFactory] [info] (th=36833) Log level for 'SceneFactory' set to 'info'
[22:46:15.931151] [SceneFactory] [info] (th=36833) GhostObject is created: id: D87188A6-5873-490F-AD47-99E837A6E68C
[23:11:17.052355] [SceneFactory] [info] (th=50445) Log level for 'SceneFactory' set to 'info'
[23:11:17.052412] [SceneFactory] [info] (th=50445) GhostObject is created: id: 42DE2B96-C7E4-4FEE-BA22-3638B8E2F952
[10:25:58.136829] [SceneFactory] [info] (th=68352) Log level for 'SceneFactory' set to 'info'
[10:25:58.136884] [SceneFactory] [info] (th=68352) GhostObject is created: id: 998179E3-9C6B-445B-84A9-7EE396A80639
[10:35:43.292327] [SceneFactory] [info] (th=68352) GhostObject is created: id: 47C1CB3E-FBEF-4908-B00D-0A6B96DD8B7D
[10:55:07.995454] [SceneFactory] [info] (th=68352) GhostObject is created: id: C5CB855B-A562-4AC0-9785-335878B592C0
[11:06:59.518006] [SceneFactory] [info] (th=68352) GhostObject is created: id: DCAC538B-9018-4307-A242-4BDEB528AD3D
[11:10:02.735484] [SceneFactory] [info] (th=68352) GhostObject is created: id: 819D3C96-CF33-4A95-9BB2-26E1EF8B38D2
[11:12:08.017610] [SceneFactory] [info] (th=68352) GhostObject is created: id: A31EF3F9-DB70-44C0-BB45-45FBBEA5AC1F
[17:06:31.684299] [SceneFactory] [info] (th=2070667) Log level for 'SceneFactory' set to 'info'
[17:06:31.684438] [SceneFactory] [info] (th=2070667) GhostObject is created: id: A38A2D51-740B-40B2-B9A6-C97C931706C1
[17:47:44.476471] [SceneFactory] [info] (th=2739666) Log level for 'SceneFactory' set to 'info'
[17:47:44.476609] [SceneFactory] [info] (th=2739666) GhostObject is created: id: 75AD458C-210F-43D6-AD4A-189D523DF75D
[12:49:59.554645] [SceneFactory] [info] (th=2924346) Log level for 'SceneFactory' set to 'info'
[12:49:59.554733] [SceneFactory] [info] (th=2924346) GhostObject is created: id: D8813AC7-2C6C-4126-A3B0-986CF5E062E5
[21:32:05.134851] [SceneFactory] [info] (th=2924346) Log level for 'SceneFactory' set to 'info'
